2025-09-01 14:44:33,703 [INFO] fastapi-rasa - 🚀 Logging initialized. FastAPI starting...
2025-09-01 14:44:33,719 [INFO] fastapi-rasa - Loading the rasa moodel
2025-09-01 14:50:02,584 [INFO] fastapi-rasa - 🚀 Logging initialized. FastAPI starting...
2025-09-01 14:50:02,601 [INFO] fastapi-rasa - Loading the rasa moodel
2025-09-01 15:19:04,959 [INFO] fastapi-rasa - 🚀 Logging initialized. FastAPI starting...
2025-09-01 15:19:04,974 [INFO] fastapi-rasa - Loading the rasa moodel
2025-09-01 15:21:30,404 [INFO] fastapi-rasa - 🚀 Logging initialized. FastAPI starting...
2025-09-01 15:21:30,419 [INFO] fastapi-rasa - Loading the rasa moodel
2025-09-01 16:22:45,969 [INFO] fastapi-rasa - 📤 Request URL: https://m2h.officekithr.net/api/AjaxAPI/SaveLeaveApplication?OfficeContent={"ApiKey": "wba1kit5p900egc12weblo2385", "uid": "2BBDAB53-F440-4E94-95D8-D3CC53A9489E"}&Commonparam={"Mode": "save", "LeaveID": 2, "Leavefrom": "10/02/25", "Leaveto": "10/02/25", "Offdaysfrom": "10/02/25", "Offdaysto": "10/02/25", "Noofleavedays": 1, "Timemode": 1, "Reason": "test", "Holiday": 0, "Weekend": 0, "Daysleaveclubbing": 0, "LeavePolicyInstanceLimitID": 0, "Returndate": "10/02/25", "Approvalstatus": "P", "Firsthalf": 0, "Lasthalf": 0, "Roledeligation": 0, "Contactaddress": "", "Contactnumber": "", "Salaryadvance": 0, "IsNoticePeriod": 0, "Passportrequest": 0, "Roldleavetrantype": null, "Duallaps": 0, "Balancedaystofuture": 0}
2025-09-01 16:30:24,507 [INFO] fastapi-rasa - 🚀 Logging initialized. FastAPI starting...
2025-09-01 16:30:24,521 [INFO] fastapi-rasa - Loading the rasa moodel
2025-09-01 17:00:43,669 [INFO] fastapi-rasa - 📤 Request URL: https://m2h.officekithr.net/api/AjaxAPI/SaveLeaveApplication?OfficeContent={"ApiKey": "wba1kit5p900egc12weblo2385", "uid": "2BBDAB53-F440-4E94-95D8-D3CC53A9489E"}&Commonparam={"Mode": "save", "LeaveID": 2, "Leavefrom": "01/09/2025", "Leaveto": "01/09/2025", "Offdaysfrom": "01/09/2025", "Offdaysto": "01/09/2025", "Noofleavedays": 1, "Timemode": 1, "Reason": "Not feeling well", "Holiday": 0, "Weekend": 0, "Daysleaveclubbing": 0, "LeavePolicyInstanceLimitID": 0, "Returndate": "01/09/2025", "Approvalstatus": "P", "Firsthalf": 0, "Lasthalf": 0, "Roledeligation": 0, "Contactaddress": "", "Contactnumber": "", "Salaryadvance": 0, "IsNoticePeriod": 0, "Passportrequest": 0, "Roldleavetrantype": null, "Duallaps": 0, "Balancedaystofuture": 0}
2025-09-01 17:03:19,302 [INFO] fastapi-rasa - 📤 Request URL: https://m2h.officekithr.net/api/AjaxAPI/SaveLeaveApplication?OfficeContent={"ApiKey": "wba1kit5p900egc12weblo2385", "uid": "2BBDAB53-F440-4E94-95D8-D3CC53A9489E"}&Commonparam={"Mode": "save", "LeaveID": 2, "Leavefrom": "09/02/2015", "Leaveto": "09/02/2015", "Offdaysfrom": "09/02/2015", "Offdaysto": "09/02/2015", "Noofleavedays": 1, "Timemode": 1, "Reason": "Test", "Holiday": 0, "Weekend": 0, "Daysleaveclubbing": 0, "LeavePolicyInstanceLimitID": 0, "Returndate": "09/02/2015", "Approvalstatus": "P", "Firsthalf": 0, "Lasthalf": 0, "Roledeligation": 0, "Contactaddress": "", "Contactnumber": "", "Salaryadvance": 0, "IsNoticePeriod": 0, "Passportrequest": 0, "Roldleavetrantype": null, "Duallaps": 0, "Balancedaystofuture": 0}
2025-09-01 17:16:46,731 [INFO] fastapi-rasa - 🚀 Logging initialized. FastAPI starting...
2025-09-01 17:16:46,746 [INFO] fastapi-rasa - Loading the rasa moodel
2025-09-01 17:18:41,008 [INFO] fastapi-rasa - 🚀 Logging initialized. FastAPI starting...
2025-09-01 17:18:41,025 [INFO] fastapi-rasa - Loading the rasa moodel
2025-09-01 18:20:31,325 [INFO] fastapi-rasa - 🚀 Logging initialized. FastAPI starting...
2025-09-01 18:20:31,340 [INFO] fastapi-rasa - Loading the rasa moodel
2025-09-03 10:07:07,881 [INFO] fastapi-rasa - 🚀 Logging initialized. FastAPI starting...
2025-09-03 10:07:07,916 [INFO] fastapi-rasa - Loading the rasa moodel
2025-09-03 10:21:26,066 [INFO] fastapi-rasa - 🚀 Logging initialized. FastAPI starting...
2025-09-03 10:21:26,081 [INFO] fastapi-rasa - Loading the rasa moodel
2025-09-03 10:24:06,476 [INFO] fastapi-rasa - 🚀 Logging initialized. FastAPI starting...
2025-09-03 10:24:06,491 [INFO] fastapi-rasa - Loading the rasa moodel
2025-09-03 10:51:46,657 [INFO] fastapi-rasa - 🚀 Logging initialized. FastAPI starting...
2025-09-03 10:51:46,673 [INFO] fastapi-rasa - Loading the rasa moodel
2025-09-03 11:13:52,596 [INFO] fastapi-rasa - 🚀 Logging initialized. FastAPI starting...
2025-09-03 11:13:52,614 [INFO] fastapi-rasa - Loading the rasa moodel
2025-09-03 11:17:37,715 [INFO] fastapi-rasa - 🚀 Logging initialized. FastAPI starting...
2025-09-03 11:17:37,730 [INFO] fastapi-rasa - Loading the rasa moodel
2025-09-03 11:24:02,790 [INFO] fastapi-rasa - 🚀 Logging initialized. FastAPI starting...
2025-09-03 11:24:02,805 [INFO] fastapi-rasa - Loading the rasa moodel
2025-09-03 11:30:01,737 [INFO] fastapi-rasa - 🚀 Logging initialized. FastAPI starting...
2025-09-03 11:30:01,749 [INFO] fastapi-rasa - Loading the rasa moodel
2025-09-03 11:32:02,232 [INFO] fastapi-rasa - 🚀 Logging initialized. FastAPI starting...
2025-09-03 11:32:02,245 [INFO] fastapi-rasa - Loading the rasa moodel
2025-09-03 11:34:48,273 [INFO] fastapi-rasa - 🚀 Logging initialized. FastAPI starting...
2025-09-03 11:34:48,285 [INFO] fastapi-rasa - Loading the rasa moodel
2025-09-03 11:52:42,642 [INFO] fastapi-rasa - 🚀 Logging initialized. FastAPI starting...
2025-09-03 11:52:42,690 [INFO] fastapi-rasa - Loading the rasa moodel
2025-09-03 11:56:16,106 [INFO] fastapi-rasa - 🚀 Logging initialized. FastAPI starting...
2025-09-03 11:56:16,151 [INFO] fastapi-rasa - Loading the rasa moodel
2025-09-03 12:00:02,301 [INFO] fastapi-rasa - 🚀 Logging initialized. FastAPI starting...
2025-09-03 12:00:02,312 [INFO] fastapi-rasa - Loading the rasa moodel
2025-09-03 12:01:49,651 [INFO] fastapi-rasa - 🚀 Logging initialized. FastAPI starting...
2025-09-03 12:01:49,664 [INFO] fastapi-rasa - Loading the rasa moodel
2025-09-03 12:25:23,463 [INFO] fastapi-rasa - 🚀 Logging initialized. FastAPI starting...
2025-09-03 12:25:23,504 [INFO] fastapi-rasa - Loading the rasa moodel
2025-09-03 12:49:05,799 [INFO] fastapi-rasa - 🚀 Logging initialized. FastAPI starting...
2025-09-03 12:49:05,835 [INFO] fastapi-rasa - Loading the rasa moodel
2025-09-03 13:02:41,325 [INFO] fastapi-rasa - 🚀 Logging initialized. FastAPI starting...
2025-09-03 13:02:41,341 [INFO] fastapi-rasa - Loading the rasa moodel
2025-09-03 13:56:30,101 [INFO] fastapi-rasa - 🚀 Logging initialized. FastAPI starting...
2025-09-03 13:56:30,136 [INFO] fastapi-rasa - Loading the rasa moodel
2025-09-03 14:01:19,775 [INFO] fastapi-rasa - 🚀 Logging initialized. FastAPI starting...
2025-09-03 14:01:19,790 [INFO] fastapi-rasa - Loading the rasa moodel
2025-09-03 14:05:37,090 [INFO] fastapi-rasa - 📤 Request URL: https://m2h.officekithr.net/api/AjaxAPI/SaveLeaveApplication?OfficeContent={"ApiKey": "wba1kit5p900egc12weblo2385", "uid": "2BBDAB53-F440-4E94-95D8-D3CC53A9489E"}&Commonparam={"Mode": "save", "LeaveID": 2, "Leavefrom": "09/04/2025", "Leaveto": "09/04/2025", "Offdaysfrom": "09/04/2025", "Offdaysto": "09/04/2025", "Noofleavedays": 1, "Timemode": 1, "Reason": "i want to apply leave tomorrow", "Holiday": 0, "Weekend": 0, "Daysleaveclubbing": 0, "LeavePolicyInstanceLimitID": 0, "Returndate": "09/04/2025", "Approvalstatus": "P", "Firsthalf": 0, "Lasthalf": 0, "Roledeligation": 0, "Contactaddress": "", "Contactnumber": "", "Salaryadvance": 0, "IsNoticePeriod": 0, "Passportrequest": 0, "Roldleavetrantype": null, "Duallaps": 0, "Balancedaystofuture": 0}
2025-09-03 15:49:41,420 [INFO] fastapi-rasa - 🚀 Logging initialized. FastAPI starting...
2025-09-03 15:49:41,454 [INFO] fastapi-rasa - Loading the rasa moodel
2025-09-03 15:55:22,374 [INFO] fastapi-rasa - 🚀 Logging initialized. FastAPI starting...
2025-09-03 15:55:22,396 [INFO] fastapi-rasa - Loading the rasa moodel
2025-09-03 16:06:31,628 [INFO] fastapi-rasa - 🚀 Logging initialized. FastAPI starting...
2025-09-03 16:06:31,642 [INFO] fastapi-rasa - Loading the rasa moodel
2025-09-04 10:36:03,761 [INFO] fastapi-rasa - 🚀 Logging initialized. FastAPI starting...
2025-09-04 10:36:03,774 [INFO] fastapi-rasa - Loading the rasa moodel
2025-09-04 11:15:01,330 [INFO] fastapi-rasa - 🚀 Logging initialized. FastAPI starting...
2025-09-04 11:15:01,347 [INFO] fastapi-rasa - Loading the rasa moodel
2025-09-04 11:56:39,583 [INFO] fastapi-rasa - 🚀 Logging initialized. FastAPI starting...
2025-09-04 11:56:39,599 [INFO] fastapi-rasa - Loading the rasa moodel
2025-09-04 11:59:47,478 [INFO] fastapi-rasa - 🚀 Logging initialized. FastAPI starting...
2025-09-04 12:25:49,624 [INFO] fastapi-rasa - 🚀 Logging initialized. FastAPI starting...
2025-09-04 12:28:41,557 [INFO] fastapi-rasa - 🚀 Logging initialized. FastAPI starting...
2025-09-04 12:33:35,167 [INFO] fastapi-rasa - 🚀 Logging initialized. FastAPI starting...
2025-09-04 12:33:35,437 [INFO] fastapi-rasa - Loading the rasa moodel
2025-09-04 12:42:35,178 [INFO] fastapi-rasa - 🚀 Logging initialized. FastAPI starting...
2025-09-04 12:42:35,232 [INFO] fastapi-rasa - Loading the rasa moodel
2025-09-04 12:50:22,488 [INFO] fastapi-rasa - 🚀 Logging initialized. FastAPI starting...
2025-09-04 12:50:22,541 [INFO] fastapi-rasa - Loading the rasa moodel
2025-09-04 12:53:04,428 [INFO] fastapi-rasa - 🚀 Logging initialized. FastAPI starting...
2025-09-04 12:53:04,487 [INFO] fastapi-rasa - Loading the rasa moodel
2025-09-04 14:06:13,914 [INFO] fastapi-rasa - 🚀 Logging initialized. FastAPI starting...
2025-09-04 14:06:14,178 [INFO] fastapi-rasa - Loading the rasa moodel
2025-09-04 14:09:03,465 [INFO] fastapi-rasa - 🚀 Logging initialized. FastAPI starting...
2025-09-04 14:09:03,516 [INFO] fastapi-rasa - Loading the rasa moodel
2025-09-04 14:11:11,304 [INFO] fastapi-rasa - 🚀 Logging initialized. FastAPI starting...
2025-09-04 14:11:11,355 [INFO] fastapi-rasa - Loading the rasa moodel
2025-09-04 14:16:34,687 [INFO] fastapi-rasa - 🚀 Logging initialized. FastAPI starting...
2025-09-04 14:16:34,739 [INFO] fastapi-rasa - Loading the rasa moodel
2025-09-04 14:19:55,036 [INFO] fastapi-rasa - 🚀 Logging initialized. FastAPI starting...
2025-09-04 14:19:55,092 [INFO] fastapi-rasa - Loading the rasa moodel
2025-09-04 14:29:27,390 [INFO] fastapi-rasa - 🚀 Logging initialized. FastAPI starting...
2025-09-04 14:29:27,441 [INFO] fastapi-rasa - Loading the rasa moodel
2025-09-04 14:39:06,223 [INFO] fastapi-rasa - 🚀 Logging initialized. FastAPI starting...
2025-09-04 14:39:06,278 [INFO] fastapi-rasa - Loading the rasa moodel
2025-09-04 15:15:01,391 [INFO] fastapi-rasa - 🚀 Logging initialized. FastAPI starting...
2025-09-04 15:15:01,444 [INFO] fastapi-rasa - Loading the rasa moodel
2025-09-04 15:19:05,365 [INFO] fastapi-rasa - 🚀 Logging initialized. FastAPI starting...
2025-09-04 15:19:05,418 [INFO] fastapi-rasa - Loading the rasa moodel
2025-09-04 15:23:40,555 [INFO] fastapi-rasa - 🚀 Logging initialized. FastAPI starting...
2025-09-04 15:23:40,605 [INFO] fastapi-rasa - Loading the rasa moodel
2025-09-04 15:25:46,086 [INFO] fastapi-rasa - 🚀 Logging initialized. FastAPI starting...
2025-09-04 15:25:46,134 [INFO] fastapi-rasa - Loading the rasa moodel
2025-09-04 15:43:44,016 [INFO] fastapi-rasa - 🚀 Logging initialized. FastAPI starting...
2025-09-04 15:43:44,078 [INFO] fastapi-rasa - Loading the rasa moodel
2025-09-04 15:54:30,022 [INFO] fastapi-rasa - 🚀 Logging initialized. FastAPI starting...
2025-09-04 15:54:30,085 [INFO] fastapi-rasa - Loading the rasa moodel
2025-09-08 14:39:36,120 [INFO] fastapi-rasa - 📤 Request URL: http://10.25.25.124:82/api/AjaxAPI/SaveLeaveApplication?OfficeContent={"ApiKey": "wba1kit5p900egc12weblo2385", "uid": "E558947D-CBE0-4896-9C8F-4DD9628F6FEE"}&Commonparam={"Mode": "save", "LeaveID": 2, "Leavefrom": "12/25/2036", "Leaveto": "12/25/2036", "Offdaysfrom": "12/25/2036", "Offdaysto": "12/25/2036", "Noofleavedays": 1, "Timemode": 1, "Reason": "apoopan suggalla", "Holiday": 0, "Weekend": 0, "Daysleaveclubbing": 0, "LeavePolicyInstanceLimitID": 0, "Returndate": "12/25/2036", "Approvalstatus": "P", "Firsthalf": 0, "Lasthalf": 0, "Roledeligation": 0, "Contactaddress": "", "Contactnumber": "", "Salaryadvance": 0, "IsNoticePeriod": 0, "Passportrequest": 0, "Roldleavetrantype": null, "Duallaps": 0, "Balancedaystofuture": 0}
2025-09-19 13:30:00,108 [INFO] fastapi-rasa - 🚀 Logging initialized. FastAPI starting...
2025-09-19 13:30:43,294 [INFO] fastapi-rasa - 🚀 Logging initialized. FastAPI starting...
2025-09-19 13:30:43,361 [INFO] fastapi-rasa - Loading the rasa moodel
2025-09-19 13:33:49,526 [INFO] fastapi-rasa - 📤 Request URL: http://10.25.25.124:82/api/AjaxAPI/SaveLeaveApplication?OfficeContent={"ApiKey": "wba1kit5p900egc12weblo2385", "uid": "E558947D-CBE0-4896-9C8F-4DD9628F6FEE"}&Commonparam={"Mode": "save", "LeaveID": 2, "Leavefrom": "09/20/2025", "Leaveto": "09/20/2025", "Offdaysfrom": "09/20/2025", "Offdaysto": "09/20/2025", "Noofleavedays": 1, "Timemode": 1, "Reason": "fever", "Holiday": 0, "Weekend": 0, "Daysleaveclubbing": 0, "LeavePolicyInstanceLimitID": 0, "Returndate": "09/20/2025", "Approvalstatus": "P", "Firsthalf": 0, "Lasthalf": 0, "Roledeligation": 0, "Contactaddress": "", "Contactnumber": "", "Salaryadvance": 0, "IsNoticePeriod": 0, "Passportrequest": 0, "Roldleavetrantype": null, "Duallaps": 0, "Balancedaystofuture": 0}
2025-09-19 14:02:01,341 [INFO] fastapi-rasa - 📤 Request URL: http://10.25.25.124:82/api/AjaxAPI/SaveLeaveApplication?OfficeContent={"ApiKey": "wba1kit5p900egc12weblo2385", "uid": "E558947D-CBE0-4896-9C8F-4DD9628F6FEE"}&Commonparam={"Mode": "save", "LeaveID": 2, "Leavefrom": "09/21/2025", "Leaveto": "09/21/2025", "Offdaysfrom": "09/21/2025", "Offdaysto": "09/21/2025", "Noofleavedays": 1, "Timemode": 1, "Reason": "I want 09 02025", "Holiday": 0, "Weekend": 0, "Daysleaveclubbing": 0, "LeavePolicyInstanceLimitID": 0, "Returndate": "09/21/2025", "Approvalstatus": "P", "Firsthalf": 0, "Lasthalf": 0, "Roledeligation": 0, "Contactaddress": "", "Contactnumber": "", "Salaryadvance": 0, "IsNoticePeriod": 0, "Passportrequest": 0, "Roldleavetrantype": null, "Duallaps": 0, "Balancedaystofuture": 0}
2025-09-19 14:58:46,475 [INFO] fastapi-rasa - 📤 Request URL: https://m2h.officekithr.net/api/AjaxAPI/SaveLeaveApplication?OfficeContent={"ApiKey": "wba1kit5p900egc12weblo2385", "uid": "2BBDAB53-F440-4E94-95D8-D3CC53A9489E"}&Commonparam={"Mode": "save", "LeaveID": 2, "Leavefrom": "09/20/2025", "Leaveto": "09/20/2025", "Offdaysfrom": "09/20/2025", "Offdaysto": "09/20/2025", "Noofleavedays": 1, "Timemode": 1, "Reason": "fever", "Holiday": 0, "Weekend": 0, "Daysleaveclubbing": 0, "LeavePolicyInstanceLimitID": 0, "Returndate": "09/20/2025", "Approvalstatus": "P", "Firsthalf": 0, "Lasthalf": 0, "Roledeligation": 0, "Contactaddress": "", "Contactnumber": "", "Salaryadvance": 0, "IsNoticePeriod": 0, "Passportrequest": 0, "Roldleavetrantype": null, "Duallaps": 0, "Balancedaystofuture": 0}
2025-09-19 15:25:07,053 [INFO] fastapi-rasa - 🚀 Logging initialized. FastAPI starting...
2025-09-19 15:25:38,808 [INFO] fastapi-rasa - 🚀 Logging initialized. FastAPI starting...
2025-09-19 15:29:36,850 [INFO] fastapi-rasa - 🚀 Logging initialized. FastAPI starting...
2025-09-19 15:29:49,196 [INFO] fastapi-rasa - 🚀 Logging initialized. FastAPI starting...
2025-09-19 15:29:49,252 [INFO] fastapi-rasa - 🚀 Logging initialized. FastAPI starting...
2025-09-19 15:29:49,256 [INFO] fastapi-rasa - Loading the rasa moodel
2025-09-19 15:56:28,183 [INFO] fastapi-rasa - 🚀 Logging initialized. FastAPI starting...
2025-09-19 15:56:40,464 [INFO] fastapi-rasa - 🚀 Logging initialized. FastAPI starting...
2025-09-19 15:56:40,508 [INFO] fastapi-rasa - 🚀 Logging initialized. FastAPI starting...
2025-09-19 15:56:40,513 [INFO] fastapi-rasa - Loading the rasa moodel
2025-09-19 16:47:53,018 [INFO] fastapi-rasa - 🚀 Logging initialized. FastAPI starting...
2025-09-19 16:48:05,240 [INFO] fastapi-rasa - 🚀 Logging initialized. FastAPI starting...
2025-09-19 16:48:05,293 [INFO] fastapi-rasa - 🚀 Logging initialized. FastAPI starting...
2025-09-19 16:48:05,293 [INFO] fastapi-rasa - Loading the rasa moodel
2025-09-19 16:49:56,949 [INFO] fastapi-rasa - 📤 Request URL: https://m2h.officekithr.net/api/AjaxAPI/SaveLeaveApplication?OfficeContent={"ApiKey": "wba1kit5p900egc12weblo2385", "uid": "2BBDAB53-F440-4E94-95D8-D3CC53A9489E"}&Commonparam={"Mode": "save", "LeaveID": 2, "Leavefrom": "09/20/2025", "Leaveto": "09/20/2025", "Offdaysfrom": "09/20/2025", "Offdaysto": "09/20/2025", "Noofleavedays": 1, "Timemode": 1, "Reason": "fever", "Holiday": 0, "Weekend": 0, "Daysleaveclubbing": 0, "LeavePolicyInstanceLimitID": 0, "Returndate": "09/20/2025", "Approvalstatus": "P", "Firsthalf": 0, "Lasthalf": 0, "Roledeligation": 0, "Contactaddress": "", "Contactnumber": "", "Salaryadvance": 0, "IsNoticePeriod": 0, "Passportrequest": 0, "Roldleavetrantype": null, "Duallaps": 0, "Balancedaystofuture": 0}
